<?xml version="1.0" encoding="UTF-8"?>
<testsuite xmlns:xsi="http://www.w3.org/2001/XMLSchema-instance" xsi:noNamespaceSchemaLocation="https://maven.apache.org/surefire/maven-surefire-plugin/xsd/surefire-test-report-3.0.xsd" version="3.0" name="com.groupeisi.keycloakspringboot3.KeycloakSpringBoot3ApplicationTests" time="8.494" tests="1" errors="0" skipped="0" failures="0">
  <properties>
    <property name="java.specification.version" value="17"/>
    <property name="sun.jnu.encoding" value="UTF-8"/>
    <property name="java.class.path" value="/home/mouhamed/IdeaProjects/keycloak-with-spring-boot-angular/back-end-spring-boot/target/test-classes:/home/mouhamed/IdeaProjects/keycloak-with-spring-boot-angular/back-end-spring-boot/target/classes:/home/mouhamed/.m2/repository/org/springframework/boot/spring-boot-starter-web/3.2.4/spring-boot-starter-web-3.2.4.jar:/home/mouhamed/.m2/repository/org/springframework/boot/spring-boot-starter/3.2.4/spring-boot-starter-3.2.4.jar:/home/mouhamed/.m2/repository/org/springframework/boot/spring-boot-starter-logging/3.2.4/spring-boot-starter-logging-3.2.4.jar:/home/mouhamed/.m2/repository/ch/qos/logback/logback-classic/1.4.14/logback-classic-1.4.14.jar:/home/mouhamed/.m2/repository/ch/qos/logback/logback-core/1.4.14/logback-core-1.4.14.jar:/home/mouhamed/.m2/repository/org/apache/logging/log4j/log4j-to-slf4j/2.21.1/log4j-to-slf4j-2.21.1.jar:/home/mouhamed/.m2/repository/org/apache/logging/log4j/log4j-api/2.21.1/log4j-api-2.21.1.jar:/home/mouhamed/.m2/repository/org/slf4j/jul-to-slf4j/2.0.12/jul-to-slf4j-2.0.12.jar:/home/mouhamed/.m2/repository/jakarta/annotation/jakarta.annotation-api/2.1.1/jakarta.annotation-api-2.1.1.jar:/home/mouhamed/.m2/repository/org/yaml/snakeyaml/2.2/snakeyaml-2.2.jar:/home/mouhamed/.m2/repository/org/springframework/boot/spring-boot-starter-json/3.2.4/spring-boot-starter-json-3.2.4.jar:/home/mouhamed/.m2/repository/com/fasterxml/jackson/core/jackson-databind/2.15.4/jackson-databind-2.15.4.jar:/home/mouhamed/.m2/repository/com/fasterxml/jackson/datatype/jackson-datatype-jdk8/2.15.4/jackson-datatype-jdk8-2.15.4.jar:/home/mouhamed/.m2/repository/com/fasterxml/jackson/datatype/jackson-datatype-jsr310/2.15.4/jackson-datatype-jsr310-2.15.4.jar:/home/mouhamed/.m2/repository/com/fasterxml/jackson/module/jackson-module-parameter-names/2.15.4/jackson-module-parameter-names-2.15.4.jar:/home/mouhamed/.m2/repository/org/springframework/boot/spring-boot-starter-tomcat/3.2.4/spring-boot-starter-tomcat-3.2.4.jar:/home/mouhamed/.m2/repository/org/apache/tomcat/embed/tomcat-embed-core/10.1.19/tomcat-embed-core-10.1.19.jar:/home/mouhamed/.m2/repository/org/apache/tomcat/embed/tomcat-embed-el/10.1.19/tomcat-embed-el-10.1.19.jar:/home/mouhamed/.m2/repository/org/apache/tomcat/embed/tomcat-embed-websocket/10.1.19/tomcat-embed-websocket-10.1.19.jar:/home/mouhamed/.m2/repository/org/springframework/spring-web/6.1.5/spring-web-6.1.5.jar:/home/mouhamed/.m2/repository/org/springframework/spring-beans/6.1.5/spring-beans-6.1.5.jar:/home/mouhamed/.m2/repository/io/micrometer/micrometer-observation/1.12.4/micrometer-observation-1.12.4.jar:/home/mouhamed/.m2/repository/io/micrometer/micrometer-commons/1.12.4/micrometer-commons-1.12.4.jar:/home/mouhamed/.m2/repository/org/springframework/spring-webmvc/6.1.5/spring-webmvc-6.1.5.jar:/home/mouhamed/.m2/repository/org/springframework/spring-context/6.1.5/spring-context-6.1.5.jar:/home/mouhamed/.m2/repository/org/springframework/spring-expression/6.1.5/spring-expression-6.1.5.jar:/home/mouhamed/.m2/repository/org/springframework/boot/spring-boot-devtools/3.2.4/spring-boot-devtools-3.2.4.jar:/home/mouhamed/.m2/repository/org/springframework/boot/spring-boot/3.2.4/spring-boot-3.2.4.jar:/home/mouhamed/.m2/repository/org/springframework/boot/spring-boot-autoconfigure/3.2.4/spring-boot-autoconfigure-3.2.4.jar:/home/mouhamed/.m2/repository/org/keycloak/keycloak-spring-boot-starter/24.0.2/keycloak-spring-boot-starter-24.0.2.jar:/home/mouhamed/.m2/repository/org/keycloak/keycloak-spring-boot-2-adapter/24.0.2/keycloak-spring-boot-2-adapter-24.0.2.jar:/home/mouhamed/.m2/repository/org/keycloak/keycloak-spring-boot-adapter-core/24.0.2/keycloak-spring-boot-adapter-core-24.0.2.jar:/home/mouhamed/.m2/repository/org/keycloak/spring-boot-container-bundle/24.0.2/spring-boot-container-bundle-24.0.2.jar:/home/mouhamed/.m2/repository/org/keycloak/keycloak-adapter-core/24.0.2/keycloak-adapter-core-24.0.2.jar:/home/mouhamed/.m2/repository/org/keycloak/keycloak-crypto-default/24.0.2/keycloak-crypto-default-24.0.2.jar:/home/mouhamed/.m2/repository/org/keycloak/keycloak-server-spi/24.0.2/keycloak-server-spi-24.0.2.jar:/home/mouhamed/.m2/repository/org/keycloak/keycloak-server-spi-private/24.0.2/keycloak-server-spi-private-24.0.2.jar:/home/mouhamed/.m2/repository/org/bouncycastle/bcpkix-jdk18on/1.77/bcpkix-jdk18on-1.77.jar:/home/mouhamed/.m2/repository/org/bouncycastle/bcutil-jdk18on/1.77/bcutil-jdk18on-1.77.jar:/home/mouhamed/.m2/repository/org/keycloak/keycloak-spring-security-adapter/24.0.2/keycloak-spring-security-adapter-24.0.2.jar:/home/mouhamed/.m2/repository/org/keycloak/keycloak-adapter-spi/24.0.2/keycloak-adapter-spi-24.0.2.jar:/home/mouhamed/.m2/repository/org/keycloak/keycloak-policy-enforcer/24.0.2/keycloak-policy-enforcer-24.0.2.jar:/home/mouhamed/.m2/repository/org/slf4j/slf4j-api/2.0.12/slf4j-api-2.0.12.jar:/home/mouhamed/.m2/repository/org/bouncycastle/bcprov-jdk18on/1.77/bcprov-jdk18on-1.77.jar:/home/mouhamed/.m2/repository/com/fasterxml/jackson/core/jackson-core/2.15.4/jackson-core-2.15.4.jar:/home/mouhamed/.m2/repository/com/fasterxml/jackson/core/jackson-annotations/2.15.4/jackson-annotations-2.15.4.jar:/home/mouhamed/.m2/repository/org/projectlombok/lombok/1.18.30/lombok-1.18.30.jar:/home/mouhamed/.m2/repository/org/springframework/boot/spring-boot-starter-test/3.2.4/spring-boot-starter-test-3.2.4.jar:/home/mouhamed/.m2/repository/org/springframework/boot/spring-boot-test/3.2.4/spring-boot-test-3.2.4.jar:/home/mouhamed/.m2/repository/org/springframework/boot/spring-boot-test-autoconfigure/3.2.4/spring-boot-test-autoconfigure-3.2.4.jar:/home/mouhamed/.m2/repository/com/jayway/jsonpath/json-path/2.9.0/json-path-2.9.0.jar:/home/mouhamed/.m2/repository/jakarta/xml/bind/jakarta.xml.bind-api/4.0.2/jakarta.xml.bind-api-4.0.2.jar:/home/mouhamed/.m2/repository/jakarta/activation/jakarta.activation-api/2.1.3/jakarta.activation-api-2.1.3.jar:/home/mouhamed/.m2/repository/net/minidev/json-smart/2.5.0/json-smart-2.5.0.jar:/home/mouhamed/.m2/repository/net/minidev/accessors-smart/2.5.0/accessors-smart-2.5.0.jar:/home/mouhamed/.m2/repository/org/ow2/asm/asm/9.3/asm-9.3.jar:/home/mouhamed/.m2/repository/org/assertj/assertj-core/3.24.2/assertj-core-3.24.2.jar:/home/mouhamed/.m2/repository/net/bytebuddy/byte-buddy/1.14.12/byte-buddy-1.14.12.jar:/home/mouhamed/.m2/repository/org/awaitility/awaitility/4.2.0/awaitility-4.2.0.jar:/home/mouhamed/.m2/repository/org/hamcrest/hamcrest/2.2/hamcrest-2.2.jar:/home/mouhamed/.m2/repository/org/junit/jupiter/junit-jupiter/5.10.2/junit-jupiter-5.10.2.jar:/home/mouhamed/.m2/repository/org/junit/jupiter/junit-jupiter-api/5.10.2/junit-jupiter-api-5.10.2.jar:/home/mouhamed/.m2/repository/org/opentest4j/opentest4j/1.3.0/opentest4j-1.3.0.jar:/home/mouhamed/.m2/repository/org/junit/platform/junit-platform-commons/1.10.2/junit-platform-commons-1.10.2.jar:/home/mouhamed/.m2/repository/org/apiguardian/apiguardian-api/1.1.2/apiguardian-api-1.1.2.jar:/home/mouhamed/.m2/repository/org/junit/jupiter/junit-jupiter-params/5.10.2/junit-jupiter-params-5.10.2.jar:/home/mouhamed/.m2/repository/org/junit/jupiter/junit-jupiter-engine/5.10.2/junit-jupiter-engine-5.10.2.jar:/home/mouhamed/.m2/repository/org/junit/platform/junit-platform-engine/1.10.2/junit-platform-engine-1.10.2.jar:/home/mouhamed/.m2/repository/org/mockito/mockito-core/5.7.0/mockito-core-5.7.0.jar:/home/mouhamed/.m2/repository/net/bytebuddy/byte-buddy-agent/1.14.12/byte-buddy-agent-1.14.12.jar:/home/mouhamed/.m2/repository/org/objenesis/objenesis/3.3/objenesis-3.3.jar:/home/mouhamed/.m2/repository/org/mockito/mockito-junit-jupiter/5.7.0/mockito-junit-jupiter-5.7.0.jar:/home/mouhamed/.m2/repository/org/skyscreamer/jsonassert/1.5.1/jsonassert-1.5.1.jar:/home/mouhamed/.m2/repository/com/vaadin/external/google/android-json/0.0.20131108.vaadin1/android-json-0.0.20131108.vaadin1.jar:/home/mouhamed/.m2/repository/org/springframework/spring-core/6.1.5/spring-core-6.1.5.jar:/home/mouhamed/.m2/repository/org/springframework/spring-jcl/6.1.5/spring-jcl-6.1.5.jar:/home/mouhamed/.m2/repository/org/springframework/spring-test/6.1.5/spring-test-6.1.5.jar:/home/mouhamed/.m2/repository/org/xmlunit/xmlunit-core/2.9.1/xmlunit-core-2.9.1.jar:/home/mouhamed/.m2/repository/org/springframework/boot/spring-boot-starter-data-rest/3.2.4/spring-boot-starter-data-rest-3.2.4.jar:/home/mouhamed/.m2/repository/org/springframework/data/spring-data-rest-webmvc/4.2.4/spring-data-rest-webmvc-4.2.4.jar:/home/mouhamed/.m2/repository/org/springframework/data/spring-data-rest-core/4.2.4/spring-data-rest-core-4.2.4.jar:/home/mouhamed/.m2/repository/org/springframework/hateoas/spring-hateoas/2.2.1/spring-hateoas-2.2.1.jar:/home/mouhamed/.m2/repository/org/springframework/plugin/spring-plugin-core/3.0.0/spring-plugin-core-3.0.0.jar:/home/mouhamed/.m2/repository/org/atteo/evo-inflector/1.3/evo-inflector-1.3.jar:/home/mouhamed/.m2/repository/org/postgresql/postgresql/42.6.2/postgresql-42.6.2.jar:/home/mouhamed/.m2/repository/org/checkerframework/checker-qual/3.31.0/checker-qual-3.31.0.jar:/home/mouhamed/.m2/repository/org/springframework/boot/spring-boot-starter-security/3.2.4/spring-boot-starter-security-3.2.4.jar:/home/mouhamed/.m2/repository/org/springframework/spring-aop/6.1.5/spring-aop-6.1.5.jar:/home/mouhamed/.m2/repository/org/springframework/security/spring-security-config/6.2.3/spring-security-config-6.2.3.jar:/home/mouhamed/.m2/repository/org/springframework/security/spring-security-web/6.2.3/spring-security-web-6.2.3.jar:/home/mouhamed/.m2/repository/org/springframework/security/spring-security-test/6.2.3/spring-security-test-6.2.3.jar:/home/mouhamed/.m2/repository/org/springframework/security/spring-security-core/6.2.3/spring-security-core-6.2.3.jar:/home/mouhamed/.m2/repository/org/springframework/security/spring-security-crypto/6.2.3/spring-security-crypto-6.2.3.jar:/home/mouhamed/.m2/repository/org/springframework/boot/spring-boot-starter-data-jpa/3.2.1/spring-boot-starter-data-jpa-3.2.1.jar:/home/mouhamed/.m2/repository/org/springframework/boot/spring-boot-starter-aop/3.2.4/spring-boot-starter-aop-3.2.4.jar:/home/mouhamed/.m2/repository/org/aspectj/aspectjweaver/1.9.21/aspectjweaver-1.9.21.jar:/home/mouhamed/.m2/repository/org/springframework/boot/spring-boot-starter-jdbc/3.2.4/spring-boot-starter-jdbc-3.2.4.jar:/home/mouhamed/.m2/repository/com/zaxxer/HikariCP/5.0.1/HikariCP-5.0.1.jar:/home/mouhamed/.m2/repository/org/springframework/spring-jdbc/6.1.5/spring-jdbc-6.1.5.jar:/home/mouhamed/.m2/repository/org/hibernate/orm/hibernate-core/6.4.4.Final/hibernate-core-6.4.4.Final.jar:/home/mouhamed/.m2/repository/jakarta/persistence/jakarta.persistence-api/3.1.0/jakarta.persistence-api-3.1.0.jar:/home/mouhamed/.m2/repository/jakarta/transaction/jakarta.transaction-api/2.0.1/jakarta.transaction-api-2.0.1.jar:/home/mouhamed/.m2/repository/org/hibernate/common/hibernate-commons-annotations/6.0.6.Final/hibernate-commons-annotations-6.0.6.Final.jar:/home/mouhamed/.m2/repository/io/smallrye/jandex/3.1.2/jandex-3.1.2.jar:/home/mouhamed/.m2/repository/com/fasterxml/classmate/1.6.0/classmate-1.6.0.jar:/home/mouhamed/.m2/repository/org/glassfish/jaxb/jaxb-runtime/4.0.5/jaxb-runtime-4.0.5.jar:/home/mouhamed/.m2/repository/org/glassfish/jaxb/jaxb-core/4.0.5/jaxb-core-4.0.5.jar:/home/mouhamed/.m2/repository/org/eclipse/angus/angus-activation/2.0.2/angus-activation-2.0.2.jar:/home/mouhamed/.m2/repository/org/glassfish/jaxb/txw2/4.0.5/txw2-4.0.5.jar:/home/mouhamed/.m2/repository/com/sun/istack/istack-commons-runtime/4.1.2/istack-commons-runtime-4.1.2.jar:/home/mouhamed/.m2/repository/jakarta/inject/jakarta.inject-api/2.0.1/jakarta.inject-api-2.0.1.jar:/home/mouhamed/.m2/repository/org/antlr/antlr4-runtime/4.13.0/antlr4-runtime-4.13.0.jar:/home/mouhamed/.m2/repository/org/springframework/data/spring-data-jpa/3.2.4/spring-data-jpa-3.2.4.jar:/home/mouhamed/.m2/repository/org/springframework/data/spring-data-commons/3.2.4/spring-data-commons-3.2.4.jar:/home/mouhamed/.m2/repository/org/springframework/spring-orm/6.1.5/spring-orm-6.1.5.jar:/home/mouhamed/.m2/repository/org/springframework/spring-tx/6.1.5/spring-tx-6.1.5.jar:/home/mouhamed/.m2/repository/org/springframework/spring-aspects/6.1.5/spring-aspects-6.1.5.jar:/home/mouhamed/.m2/repository/org/keycloak/keycloak-authz-client/24.0.2/keycloak-authz-client-24.0.2.jar:/home/mouhamed/.m2/repository/org/keycloak/keycloak-core/24.0.2/keycloak-core-24.0.2.jar:/home/mouhamed/.m2/repository/org/keycloak/keycloak-common/24.0.2/keycloak-common-24.0.2.jar:/home/mouhamed/.m2/repository/org/eclipse/microprofile/openapi/microprofile-openapi-api/3.1.1/microprofile-openapi-api-3.1.1.jar:/home/mouhamed/.m2/repository/org/jboss/logging/jboss-logging/3.5.3.Final/jboss-logging-3.5.3.Final.jar:/home/mouhamed/.m2/repository/org/apache/httpcomponents/httpclient/4.5.14/httpclient-4.5.14.jar:/home/mouhamed/.m2/repository/org/apache/httpcomponents/httpcore/4.4.16/httpcore-4.4.16.jar:/home/mouhamed/.m2/repository/commons-logging/commons-logging/1.2/commons-logging-1.2.jar:/home/mouhamed/.m2/repository/commons-codec/commons-codec/1.16.1/commons-codec-1.16.1.jar:/home/mouhamed/.m2/repository/org/springframework/boot/spring-boot-starter-oauth2-resource-server/3.2.4/spring-boot-starter-oauth2-resource-server-3.2.4.jar:/home/mouhamed/.m2/repository/org/springframework/security/spring-security-oauth2-resource-server/6.2.3/spring-security-oauth2-resource-server-6.2.3.jar:/home/mouhamed/.m2/repository/org/springframework/security/spring-security-oauth2-core/6.2.3/spring-security-oauth2-core-6.2.3.jar:/home/mouhamed/.m2/repository/org/springframework/security/spring-security-oauth2-jose/6.2.3/spring-security-oauth2-jose-6.2.3.jar:/home/mouhamed/.m2/repository/com/nimbusds/nimbus-jose-jwt/9.24.4/nimbus-jose-jwt-9.24.4.jar:/home/mouhamed/.m2/repository/com/github/stephenc/jcip/jcip-annotations/1.0-1/jcip-annotations-1.0-1.jar:/home/mouhamed/.m2/repository/com/google/code/findbugs/jsr305/3.0.2/jsr305-3.0.2.jar:/home/mouhamed/.m2/repository/org/springframework/boot/spring-boot-starter-data-redis/3.2.4/spring-boot-starter-data-redis-3.2.4.jar:/home/mouhamed/.m2/repository/io/lettuce/lettuce-core/6.3.2.RELEASE/lettuce-core-6.3.2.RELEASE.jar:/home/mouhamed/.m2/repository/io/netty/netty-common/4.1.107.Final/netty-common-4.1.107.Final.jar:/home/mouhamed/.m2/repository/io/netty/netty-handler/4.1.107.Final/netty-handler-4.1.107.Final.jar:/home/mouhamed/.m2/repository/io/netty/netty-resolver/4.1.107.Final/netty-resolver-4.1.107.Final.jar:/home/mouhamed/.m2/repository/io/netty/netty-buffer/4.1.107.Final/netty-buffer-4.1.107.Final.jar:/home/mouhamed/.m2/repository/io/netty/netty-transport-native-unix-common/4.1.107.Final/netty-transport-native-unix-common-4.1.107.Final.jar:/home/mouhamed/.m2/repository/io/netty/netty-codec/4.1.107.Final/netty-codec-4.1.107.Final.jar:/home/mouhamed/.m2/repository/io/netty/netty-transport/4.1.107.Final/netty-transport-4.1.107.Final.jar:/home/mouhamed/.m2/repository/io/projectreactor/reactor-core/3.6.4/reactor-core-3.6.4.jar:/home/mouhamed/.m2/repository/org/reactivestreams/reactive-streams/1.0.4/reactive-streams-1.0.4.jar:/home/mouhamed/.m2/repository/org/springframework/data/spring-data-redis/3.2.4/spring-data-redis-3.2.4.jar:/home/mouhamed/.m2/repository/org/springframework/data/spring-data-keyvalue/3.2.4/spring-data-keyvalue-3.2.4.jar:/home/mouhamed/.m2/repository/org/springframework/spring-oxm/6.1.5/spring-oxm-6.1.5.jar:/home/mouhamed/.m2/repository/org/springframework/spring-context-support/6.1.5/spring-context-support-6.1.5.jar:"/>
    <property name="java.vm.vendor" value="Private Build"/>
    <property name="sun.arch.data.model" value="64"/>
    <property name="java.vendor.url" value="Unknown"/>
    <property name="user.timezone" value="Africa/Dakar"/>
    <property name="org.jboss.logging.provider" value="slf4j"/>
    <property name="os.name" value="Linux"/>
    <property name="java.vm.specification.version" value="17"/>
    <property name="sun.java.launcher" value="SUN_STANDARD"/>
    <property name="user.country" value="US"/>
    <property name="sun.boot.library.path" value="/usr/lib/jvm/java-17-openjdk-amd64/lib"/>
    <property name="sun.java.command" value="/home/mouhamed/IdeaProjects/keycloak-with-spring-boot-angular/back-end-spring-boot/target/surefire/surefirebooter-20240413213649476_3.jar /home/mouhamed/IdeaProjects/keycloak-with-spring-boot-angular/back-end-spring-boot/target/surefire 2024-04-13T21-36-49_378-jvmRun1 surefire-20240413213649476_1tmp surefire_0-20240413213649476_2tmp"/>
    <property name="jdk.debug" value="release"/>
    <property name="surefire.test.class.path" value="/home/mouhamed/IdeaProjects/keycloak-with-spring-boot-angular/back-end-spring-boot/target/test-classes:/home/mouhamed/IdeaProjects/keycloak-with-spring-boot-angular/back-end-spring-boot/target/classes:/home/mouhamed/.m2/repository/org/springframework/boot/spring-boot-starter-web/3.2.4/spring-boot-starter-web-3.2.4.jar:/home/mouhamed/.m2/repository/org/springframework/boot/spring-boot-starter/3.2.4/spring-boot-starter-3.2.4.jar:/home/mouhamed/.m2/repository/org/springframework/boot/spring-boot-starter-logging/3.2.4/spring-boot-starter-logging-3.2.4.jar:/home/mouhamed/.m2/repository/ch/qos/logback/logback-classic/1.4.14/logback-classic-1.4.14.jar:/home/mouhamed/.m2/repository/ch/qos/logback/logback-core/1.4.14/logback-core-1.4.14.jar:/home/mouhamed/.m2/repository/org/apache/logging/log4j/log4j-to-slf4j/2.21.1/log4j-to-slf4j-2.21.1.jar:/home/mouhamed/.m2/repository/org/apache/logging/log4j/log4j-api/2.21.1/log4j-api-2.21.1.jar:/home/mouhamed/.m2/repository/org/slf4j/jul-to-slf4j/2.0.12/jul-to-slf4j-2.0.12.jar:/home/mouhamed/.m2/repository/jakarta/annotation/jakarta.annotation-api/2.1.1/jakarta.annotation-api-2.1.1.jar:/home/mouhamed/.m2/repository/org/yaml/snakeyaml/2.2/snakeyaml-2.2.jar:/home/mouhamed/.m2/repository/org/springframework/boot/spring-boot-starter-json/3.2.4/spring-boot-starter-json-3.2.4.jar:/home/mouhamed/.m2/repository/com/fasterxml/jackson/core/jackson-databind/2.15.4/jackson-databind-2.15.4.jar:/home/mouhamed/.m2/repository/com/fasterxml/jackson/datatype/jackson-datatype-jdk8/2.15.4/jackson-datatype-jdk8-2.15.4.jar:/home/mouhamed/.m2/repository/com/fasterxml/jackson/datatype/jackson-datatype-jsr310/2.15.4/jackson-datatype-jsr310-2.15.4.jar:/home/mouhamed/.m2/repository/com/fasterxml/jackson/module/jackson-module-parameter-names/2.15.4/jackson-module-parameter-names-2.15.4.jar:/home/mouhamed/.m2/repository/org/springframework/boot/spring-boot-starter-tomcat/3.2.4/spring-boot-starter-tomcat-3.2.4.jar:/home/mouhamed/.m2/repository/org/apache/tomcat/embed/tomcat-embed-core/10.1.19/tomcat-embed-core-10.1.19.jar:/home/mouhamed/.m2/repository/org/apache/tomcat/embed/tomcat-embed-el/10.1.19/tomcat-embed-el-10.1.19.jar:/home/mouhamed/.m2/repository/org/apache/tomcat/embed/tomcat-embed-websocket/10.1.19/tomcat-embed-websocket-10.1.19.jar:/home/mouhamed/.m2/repository/org/springframework/spring-web/6.1.5/spring-web-6.1.5.jar:/home/mouhamed/.m2/repository/org/springframework/spring-beans/6.1.5/spring-beans-6.1.5.jar:/home/mouhamed/.m2/repository/io/micrometer/micrometer-observation/1.12.4/micrometer-observation-1.12.4.jar:/home/mouhamed/.m2/repository/io/micrometer/micrometer-commons/1.12.4/micrometer-commons-1.12.4.jar:/home/mouhamed/.m2/repository/org/springframework/spring-webmvc/6.1.5/spring-webmvc-6.1.5.jar:/home/mouhamed/.m2/repository/org/springframework/spring-context/6.1.5/spring-context-6.1.5.jar:/home/mouhamed/.m2/repository/org/springframework/spring-expression/6.1.5/spring-expression-6.1.5.jar:/home/mouhamed/.m2/repository/org/springframework/boot/spring-boot-devtools/3.2.4/spring-boot-devtools-3.2.4.jar:/home/mouhamed/.m2/repository/org/springframework/boot/spring-boot/3.2.4/spring-boot-3.2.4.jar:/home/mouhamed/.m2/repository/org/springframework/boot/spring-boot-autoconfigure/3.2.4/spring-boot-autoconfigure-3.2.4.jar:/home/mouhamed/.m2/repository/org/keycloak/keycloak-spring-boot-starter/24.0.2/keycloak-spring-boot-starter-24.0.2.jar:/home/mouhamed/.m2/repository/org/keycloak/keycloak-spring-boot-2-adapter/24.0.2/keycloak-spring-boot-2-adapter-24.0.2.jar:/home/mouhamed/.m2/repository/org/keycloak/keycloak-spring-boot-adapter-core/24.0.2/keycloak-spring-boot-adapter-core-24.0.2.jar:/home/mouhamed/.m2/repository/org/keycloak/spring-boot-container-bundle/24.0.2/spring-boot-container-bundle-24.0.2.jar:/home/mouhamed/.m2/repository/org/keycloak/keycloak-adapter-core/24.0.2/keycloak-adapter-core-24.0.2.jar:/home/mouhamed/.m2/repository/org/keycloak/keycloak-crypto-default/24.0.2/keycloak-crypto-default-24.0.2.jar:/home/mouhamed/.m2/repository/org/keycloak/keycloak-server-spi/24.0.2/keycloak-server-spi-24.0.2.jar:/home/mouhamed/.m2/repository/org/keycloak/keycloak-server-spi-private/24.0.2/keycloak-server-spi-private-24.0.2.jar:/home/mouhamed/.m2/repository/org/bouncycastle/bcpkix-jdk18on/1.77/bcpkix-jdk18on-1.77.jar:/home/mouhamed/.m2/repository/org/bouncycastle/bcutil-jdk18on/1.77/bcutil-jdk18on-1.77.jar:/home/mouhamed/.m2/repository/org/keycloak/keycloak-spring-security-adapter/24.0.2/keycloak-spring-security-adapter-24.0.2.jar:/home/mouhamed/.m2/repository/org/keycloak/keycloak-adapter-spi/24.0.2/keycloak-adapter-spi-24.0.2.jar:/home/mouhamed/.m2/repository/org/keycloak/keycloak-policy-enforcer/24.0.2/keycloak-policy-enforcer-24.0.2.jar:/home/mouhamed/.m2/repository/org/slf4j/slf4j-api/2.0.12/slf4j-api-2.0.12.jar:/home/mouhamed/.m2/repository/org/bouncycastle/bcprov-jdk18on/1.77/bcprov-jdk18on-1.77.jar:/home/mouhamed/.m2/repository/com/fasterxml/jackson/core/jackson-core/2.15.4/jackson-core-2.15.4.jar:/home/mouhamed/.m2/repository/com/fasterxml/jackson/core/jackson-annotations/2.15.4/jackson-annotations-2.15.4.jar:/home/mouhamed/.m2/repository/org/projectlombok/lombok/1.18.30/lombok-1.18.30.jar:/home/mouhamed/.m2/repository/org/springframework/boot/spring-boot-starter-test/3.2.4/spring-boot-starter-test-3.2.4.jar:/home/mouhamed/.m2/repository/org/springframework/boot/spring-boot-test/3.2.4/spring-boot-test-3.2.4.jar:/home/mouhamed/.m2/repository/org/springframework/boot/spring-boot-test-autoconfigure/3.2.4/spring-boot-test-autoconfigure-3.2.4.jar:/home/mouhamed/.m2/repository/com/jayway/jsonpath/json-path/2.9.0/json-path-2.9.0.jar:/home/mouhamed/.m2/repository/jakarta/xml/bind/jakarta.xml.bind-api/4.0.2/jakarta.xml.bind-api-4.0.2.jar:/home/mouhamed/.m2/repository/jakarta/activation/jakarta.activation-api/2.1.3/jakarta.activation-api-2.1.3.jar:/home/mouhamed/.m2/repository/net/minidev/json-smart/2.5.0/json-smart-2.5.0.jar:/home/mouhamed/.m2/repository/net/minidev/accessors-smart/2.5.0/accessors-smart-2.5.0.jar:/home/mouhamed/.m2/repository/org/ow2/asm/asm/9.3/asm-9.3.jar:/home/mouhamed/.m2/repository/org/assertj/assertj-core/3.24.2/assertj-core-3.24.2.jar:/home/mouhamed/.m2/repository/net/bytebuddy/byte-buddy/1.14.12/byte-buddy-1.14.12.jar:/home/mouhamed/.m2/repository/org/awaitility/awaitility/4.2.0/awaitility-4.2.0.jar:/home/mouhamed/.m2/repository/org/hamcrest/hamcrest/2.2/hamcrest-2.2.jar:/home/mouhamed/.m2/repository/org/junit/jupiter/junit-jupiter/5.10.2/junit-jupiter-5.10.2.jar:/home/mouhamed/.m2/repository/org/junit/jupiter/junit-jupiter-api/5.10.2/junit-jupiter-api-5.10.2.jar:/home/mouhamed/.m2/repository/org/opentest4j/opentest4j/1.3.0/opentest4j-1.3.0.jar:/home/mouhamed/.m2/repository/org/junit/platform/junit-platform-commons/1.10.2/junit-platform-commons-1.10.2.jar:/home/mouhamed/.m2/repository/org/apiguardian/apiguardian-api/1.1.2/apiguardian-api-1.1.2.jar:/home/mouhamed/.m2/repository/org/junit/jupiter/junit-jupiter-params/5.10.2/junit-jupiter-params-5.10.2.jar:/home/mouhamed/.m2/repository/org/junit/jupiter/junit-jupiter-engine/5.10.2/junit-jupiter-engine-5.10.2.jar:/home/mouhamed/.m2/repository/org/junit/platform/junit-platform-engine/1.10.2/junit-platform-engine-1.10.2.jar:/home/mouhamed/.m2/repository/org/mockito/mockito-core/5.7.0/mockito-core-5.7.0.jar:/home/mouhamed/.m2/repository/net/bytebuddy/byte-buddy-agent/1.14.12/byte-buddy-agent-1.14.12.jar:/home/mouhamed/.m2/repository/org/objenesis/objenesis/3.3/objenesis-3.3.jar:/home/mouhamed/.m2/repository/org/mockito/mockito-junit-jupiter/5.7.0/mockito-junit-jupiter-5.7.0.jar:/home/mouhamed/.m2/repository/org/skyscreamer/jsonassert/1.5.1/jsonassert-1.5.1.jar:/home/mouhamed/.m2/repository/com/vaadin/external/google/android-json/0.0.20131108.vaadin1/android-json-0.0.20131108.vaadin1.jar:/home/mouhamed/.m2/repository/org/springframework/spring-core/6.1.5/spring-core-6.1.5.jar:/home/mouhamed/.m2/repository/org/springframework/spring-jcl/6.1.5/spring-jcl-6.1.5.jar:/home/mouhamed/.m2/repository/org/springframework/spring-test/6.1.5/spring-test-6.1.5.jar:/home/mouhamed/.m2/repository/org/xmlunit/xmlunit-core/2.9.1/xmlunit-core-2.9.1.jar:/home/mouhamed/.m2/repository/org/springframework/boot/spring-boot-starter-data-rest/3.2.4/spring-boot-starter-data-rest-3.2.4.jar:/home/mouhamed/.m2/repository/org/springframework/data/spring-data-rest-webmvc/4.2.4/spring-data-rest-webmvc-4.2.4.jar:/home/mouhamed/.m2/repository/org/springframework/data/spring-data-rest-core/4.2.4/spring-data-rest-core-4.2.4.jar:/home/mouhamed/.m2/repository/org/springframework/hateoas/spring-hateoas/2.2.1/spring-hateoas-2.2.1.jar:/home/mouhamed/.m2/repository/org/springframework/plugin/spring-plugin-core/3.0.0/spring-plugin-core-3.0.0.jar:/home/mouhamed/.m2/repository/org/atteo/evo-inflector/1.3/evo-inflector-1.3.jar:/home/mouhamed/.m2/repository/org/postgresql/postgresql/42.6.2/postgresql-42.6.2.jar:/home/mouhamed/.m2/repository/org/checkerframework/checker-qual/3.31.0/checker-qual-3.31.0.jar:/home/mouhamed/.m2/repository/org/springframework/boot/spring-boot-starter-security/3.2.4/spring-boot-starter-security-3.2.4.jar:/home/mouhamed/.m2/repository/org/springframework/spring-aop/6.1.5/spring-aop-6.1.5.jar:/home/mouhamed/.m2/repository/org/springframework/security/spring-security-config/6.2.3/spring-security-config-6.2.3.jar:/home/mouhamed/.m2/repository/org/springframework/security/spring-security-web/6.2.3/spring-security-web-6.2.3.jar:/home/mouhamed/.m2/repository/org/springframework/security/spring-security-test/6.2.3/spring-security-test-6.2.3.jar:/home/mouhamed/.m2/repository/org/springframework/security/spring-security-core/6.2.3/spring-security-core-6.2.3.jar:/home/mouhamed/.m2/repository/org/springframework/security/spring-security-crypto/6.2.3/spring-security-crypto-6.2.3.jar:/home/mouhamed/.m2/repository/org/springframework/boot/spring-boot-starter-data-jpa/3.2.1/spring-boot-starter-data-jpa-3.2.1.jar:/home/mouhamed/.m2/repository/org/springframework/boot/spring-boot-starter-aop/3.2.4/spring-boot-starter-aop-3.2.4.jar:/home/mouhamed/.m2/repository/org/aspectj/aspectjweaver/1.9.21/aspectjweaver-1.9.21.jar:/home/mouhamed/.m2/repository/org/springframework/boot/spring-boot-starter-jdbc/3.2.4/spring-boot-starter-jdbc-3.2.4.jar:/home/mouhamed/.m2/repository/com/zaxxer/HikariCP/5.0.1/HikariCP-5.0.1.jar:/home/mouhamed/.m2/repository/org/springframework/spring-jdbc/6.1.5/spring-jdbc-6.1.5.jar:/home/mouhamed/.m2/repository/org/hibernate/orm/hibernate-core/6.4.4.Final/hibernate-core-6.4.4.Final.jar:/home/mouhamed/.m2/repository/jakarta/persistence/jakarta.persistence-api/3.1.0/jakarta.persistence-api-3.1.0.jar:/home/mouhamed/.m2/repository/jakarta/transaction/jakarta.transaction-api/2.0.1/jakarta.transaction-api-2.0.1.jar:/home/mouhamed/.m2/repository/org/hibernate/common/hibernate-commons-annotations/6.0.6.Final/hibernate-commons-annotations-6.0.6.Final.jar:/home/mouhamed/.m2/repository/io/smallrye/jandex/3.1.2/jandex-3.1.2.jar:/home/mouhamed/.m2/repository/com/fasterxml/classmate/1.6.0/classmate-1.6.0.jar:/home/mouhamed/.m2/repository/org/glassfish/jaxb/jaxb-runtime/4.0.5/jaxb-runtime-4.0.5.jar:/home/mouhamed/.m2/repository/org/glassfish/jaxb/jaxb-core/4.0.5/jaxb-core-4.0.5.jar:/home/mouhamed/.m2/repository/org/eclipse/angus/angus-activation/2.0.2/angus-activation-2.0.2.jar:/home/mouhamed/.m2/repository/org/glassfish/jaxb/txw2/4.0.5/txw2-4.0.5.jar:/home/mouhamed/.m2/repository/com/sun/istack/istack-commons-runtime/4.1.2/istack-commons-runtime-4.1.2.jar:/home/mouhamed/.m2/repository/jakarta/inject/jakarta.inject-api/2.0.1/jakarta.inject-api-2.0.1.jar:/home/mouhamed/.m2/repository/org/antlr/antlr4-runtime/4.13.0/antlr4-runtime-4.13.0.jar:/home/mouhamed/.m2/repository/org/springframework/data/spring-data-jpa/3.2.4/spring-data-jpa-3.2.4.jar:/home/mouhamed/.m2/repository/org/springframework/data/spring-data-commons/3.2.4/spring-data-commons-3.2.4.jar:/home/mouhamed/.m2/repository/org/springframework/spring-orm/6.1.5/spring-orm-6.1.5.jar:/home/mouhamed/.m2/repository/org/springframework/spring-tx/6.1.5/spring-tx-6.1.5.jar:/home/mouhamed/.m2/repository/org/springframework/spring-aspects/6.1.5/spring-aspects-6.1.5.jar:/home/mouhamed/.m2/repository/org/keycloak/keycloak-authz-client/24.0.2/keycloak-authz-client-24.0.2.jar:/home/mouhamed/.m2/repository/org/keycloak/keycloak-core/24.0.2/keycloak-core-24.0.2.jar:/home/mouhamed/.m2/repository/org/keycloak/keycloak-common/24.0.2/keycloak-common-24.0.2.jar:/home/mouhamed/.m2/repository/org/eclipse/microprofile/openapi/microprofile-openapi-api/3.1.1/microprofile-openapi-api-3.1.1.jar:/home/mouhamed/.m2/repository/org/jboss/logging/jboss-logging/3.5.3.Final/jboss-logging-3.5.3.Final.jar:/home/mouhamed/.m2/repository/org/apache/httpcomponents/httpclient/4.5.14/httpclient-4.5.14.jar:/home/mouhamed/.m2/repository/org/apache/httpcomponents/httpcore/4.4.16/httpcore-4.4.16.jar:/home/mouhamed/.m2/repository/commons-logging/commons-logging/1.2/commons-logging-1.2.jar:/home/mouhamed/.m2/repository/commons-codec/commons-codec/1.16.1/commons-codec-1.16.1.jar:/home/mouhamed/.m2/repository/org/springframework/boot/spring-boot-starter-oauth2-resource-server/3.2.4/spring-boot-starter-oauth2-resource-server-3.2.4.jar:/home/mouhamed/.m2/repository/org/springframework/security/spring-security-oauth2-resource-server/6.2.3/spring-security-oauth2-resource-server-6.2.3.jar:/home/mouhamed/.m2/repository/org/springframework/security/spring-security-oauth2-core/6.2.3/spring-security-oauth2-core-6.2.3.jar:/home/mouhamed/.m2/repository/org/springframework/security/spring-security-oauth2-jose/6.2.3/spring-security-oauth2-jose-6.2.3.jar:/home/mouhamed/.m2/repository/com/nimbusds/nimbus-jose-jwt/9.24.4/nimbus-jose-jwt-9.24.4.jar:/home/mouhamed/.m2/repository/com/github/stephenc/jcip/jcip-annotations/1.0-1/jcip-annotations-1.0-1.jar:/home/mouhamed/.m2/repository/com/google/code/findbugs/jsr305/3.0.2/jsr305-3.0.2.jar:/home/mouhamed/.m2/repository/org/springframework/boot/spring-boot-starter-data-redis/3.2.4/spring-boot-starter-data-redis-3.2.4.jar:/home/mouhamed/.m2/repository/io/lettuce/lettuce-core/6.3.2.RELEASE/lettuce-core-6.3.2.RELEASE.jar:/home/mouhamed/.m2/repository/io/netty/netty-common/4.1.107.Final/netty-common-4.1.107.Final.jar:/home/mouhamed/.m2/repository/io/netty/netty-handler/4.1.107.Final/netty-handler-4.1.107.Final.jar:/home/mouhamed/.m2/repository/io/netty/netty-resolver/4.1.107.Final/netty-resolver-4.1.107.Final.jar:/home/mouhamed/.m2/repository/io/netty/netty-buffer/4.1.107.Final/netty-buffer-4.1.107.Final.jar:/home/mouhamed/.m2/repository/io/netty/netty-transport-native-unix-common/4.1.107.Final/netty-transport-native-unix-common-4.1.107.Final.jar:/home/mouhamed/.m2/repository/io/netty/netty-codec/4.1.107.Final/netty-codec-4.1.107.Final.jar:/home/mouhamed/.m2/repository/io/netty/netty-transport/4.1.107.Final/netty-transport-4.1.107.Final.jar:/home/mouhamed/.m2/repository/io/projectreactor/reactor-core/3.6.4/reactor-core-3.6.4.jar:/home/mouhamed/.m2/repository/org/reactivestreams/reactive-streams/1.0.4/reactive-streams-1.0.4.jar:/home/mouhamed/.m2/repository/org/springframework/data/spring-data-redis/3.2.4/spring-data-redis-3.2.4.jar:/home/mouhamed/.m2/repository/org/springframework/data/spring-data-keyvalue/3.2.4/spring-data-keyvalue-3.2.4.jar:/home/mouhamed/.m2/repository/org/springframework/spring-oxm/6.1.5/spring-oxm-6.1.5.jar:/home/mouhamed/.m2/repository/org/springframework/spring-context-support/6.1.5/spring-context-support-6.1.5.jar:"/>
    <property name="sun.cpu.endian" value="little"/>
    <property name="user.home" value="/home/mouhamed"/>
    <property name="user.language" value="en"/>
    <property name="java.specification.vendor" value="Oracle Corporation"/>
    <property name="java.version.date" value="2024-01-16"/>
    <property name="java.home" value="/usr/lib/jvm/java-17-openjdk-amd64"/>
    <property name="file.separator" value="/"/>
    <property name="basedir" value="/home/mouhamed/IdeaProjects/keycloak-with-spring-boot-angular/back-end-spring-boot"/>
    <property name="java.vm.compressedOopsMode" value="Zero based"/>
    <property name="line.separator" value="&#10;"/>
    <property name="java.specification.name" value="Java Platform API Specification"/>
    <property name="java.vm.specification.vendor" value="Oracle Corporation"/>
    <property name="FILE_LOG_CHARSET" value="UTF-8"/>
    <property name="java.awt.headless" value="true"/>
    <property name="surefire.real.class.path" value="/home/mouhamed/IdeaProjects/keycloak-with-spring-boot-angular/back-end-spring-boot/target/surefire/surefirebooter-20240413213649476_3.jar"/>
    <property name="sun.management.compiler" value="HotSpot 64-Bit Tiered Compilers"/>
    <property name="java.runtime.version" value="17.0.10+7-Ubuntu-120.04.1"/>
    <property name="user.name" value="mouhamed"/>
    <property name="path.separator" value=":"/>
    <property name="os.version" value="5.15.0-102-generic"/>
    <property name="java.runtime.name" value="OpenJDK Runtime Environment"/>
    <property name="file.encoding" value="UTF-8"/>
    <property name="java.vm.name" value="OpenJDK 64-Bit Server VM"/>
    <property name="localRepository" value="/home/mouhamed/.m2/repository"/>
    <property name="java.vendor.url.bug" value="Unknown"/>
    <property name="java.io.tmpdir" value="/tmp"/>
    <property name="idea.version" value="2024.1"/>
    <property name="com.zaxxer.hikari.pool_number" value="1"/>
    <property name="java.version" value="17.0.10"/>
    <property name="user.dir" value="/home/mouhamed/IdeaProjects/keycloak-with-spring-boot-angular/back-end-spring-boot"/>
    <property name="os.arch" value="amd64"/>
    <property name="java.vm.specification.name" value="Java Virtual Machine Specification"/>
    <property name="PID" value="143770"/>
    <property name="CONSOLE_LOG_CHARSET" value="UTF-8"/>
    <property name="native.encoding" value="UTF-8"/>
    <property name="java.library.path" value="/usr/java/packages/lib:/usr/lib/x86_64-linux-gnu/jni:/lib/x86_64-linux-gnu:/usr/lib/x86_64-linux-gnu:/usr/lib/jni:/lib:/usr/lib"/>
    <property name="java.vm.info" value="mixed mode, sharing"/>
    <property name="java.vendor" value="Private Build"/>
    <property name="java.vm.version" value="17.0.10+7-Ubuntu-120.04.1"/>
    <property name="sun.io.unicode.encoding" value="UnicodeLittle"/>
    <property name="java.class.version" value="61.0"/>
    <property name="LOGGED_APPLICATION_NAME" value="[keycloak-spring-boot-3] "/>
  </properties>
  <testcase name="contextLoads" classname="com.groupeisi.keycloakspringboot3.KeycloakSpringBoot3ApplicationTests" time="0.714">
    <system-out><![CDATA[21:36:50.284 [main] INFO org.springframework.test.context.support.AnnotationConfigContextLoaderUtils -- Could not detect default configuration classes for test class [com.groupeisi.keycloakspringboot3.KeycloakSpringBoot3ApplicationTests]: KeycloakSpringBoot3ApplicationTests does not declare any static, non-private, non-final, nested classes annotated with @Configuration.
21:36:50.384 [main] INFO org.springframework.boot.test.context.SpringBootTestContextBootstrapper -- Found @SpringBootConfiguration com.groupeisi.keycloakspringboot3.KeycloakSpringBoot3Application for test class com.groupeisi.keycloakspringboot3.KeycloakSpringBoot3ApplicationTests
21:36:50.507 [main] INFO org.springframework.boot.devtools.restart.RestartApplicationListener -- Restart disabled due to context in which it is running

  .   ____          _            __ _ _
 /\\ / ___'_ __ _ _(_)_ __  __ _ \ \ \ \
( ( )\___ | '_ | '_| | '_ \/ _` | \ \ \ \
 \\/  ___)| |_)| | | | | || (_| |  ) ) ) )
  '  |____| .__|_| |_|_| |_\__, | / / / /
 =========|_|==============|___/=/_/_/_/
 :: Spring Boot ::                (v3.2.4)

2024-04-13T21:36:50.882Z  INFO 143770 --- [keycloak-spring-boot-3] [           main] .g.k.KeycloakSpringBoot3ApplicationTests : Starting KeycloakSpringBoot3ApplicationTests using Java 17.0.10 with PID 143770 (started by mouhamed in /home/mouhamed/IdeaProjects/keycloak-with-spring-boot-angular/back-end-spring-boot)
2024-04-13T21:36:50.888Z  INFO 143770 --- [keycloak-spring-boot-3] [           main] .g.k.KeycloakSpringBoot3ApplicationTests : No active profile set, falling back to 1 default profile: "default"
2024-04-13T21:36:52.098Z  INFO 143770 --- [keycloak-spring-boot-3] [           main] .s.d.r.c.RepositoryConfigurationDelegate : Multiple Spring Data modules found, entering strict repository configuration mode
2024-04-13T21:36:52.101Z  INFO 143770 --- [keycloak-spring-boot-3] [           main] .s.d.r.c.RepositoryConfigurationDelegate : Bootstrapping Spring Data JPA repositories in DEFAULT mode.
2024-04-13T21:36:52.261Z  INFO 143770 --- [keycloak-spring-boot-3] [           main] .s.d.r.c.RepositoryConfigurationDelegate : Finished Spring Data repository scanning in 149 ms. Found 1 JPA repository interface.
2024-04-13T21:36:52.278Z  INFO 143770 --- [keycloak-spring-boot-3] [           main] .s.d.r.c.RepositoryConfigurationDelegate : Multiple Spring Data modules found, entering strict repository configuration mode
2024-04-13T21:36:52.280Z  INFO 143770 --- [keycloak-spring-boot-3] [           main] .s.d.r.c.RepositoryConfigurationDelegate : Bootstrapping Spring Data Redis repositories in DEFAULT mode.
2024-04-13T21:36:52.293Z  INFO 143770 --- [keycloak-spring-boot-3] [           main] .RepositoryConfigurationExtensionSupport : Spring Data Redis - Could not safely identify store assignment for repository candidate interface com.groupeisi.keycloakspringboot3.repository.SchoolRepository; If you want this repository to be a Redis repository, consider annotating your entities with one of these annotations: org.springframework.data.redis.core.RedisHash (preferred), or consider extending one of the following types with your repository: org.springframework.data.keyvalue.repository.KeyValueRepository
2024-04-13T21:36:52.293Z  INFO 143770 --- [keycloak-spring-boot-3] [           main] .s.d.r.c.RepositoryConfigurationDelegate : Finished Spring Data repository scanning in 5 ms. Found 0 Redis repository interfaces.
2024-04-13T21:36:53.017Z  INFO 143770 --- [keycloak-spring-boot-3] [           main] o.hibernate.jpa.internal.util.LogHelper  : HHH000204: Processing PersistenceUnitInfo [name: default]
2024-04-13T21:36:53.121Z  INFO 143770 --- [keycloak-spring-boot-3] [           main] org.hibernate.Version                    : HHH000412: Hibernate ORM core version 6.4.4.Final
2024-04-13T21:36:53.184Z  INFO 143770 --- [keycloak-spring-boot-3] [           main] o.h.c.internal.RegionFactoryInitiator    : HHH000026: Second-level cache disabled
2024-04-13T21:36:53.500Z  INFO 143770 --- [keycloak-spring-boot-3] [           main] o.s.o.j.p.SpringPersistenceUnitInfo      : No LoadTimeWeaver setup: ignoring JPA class transformer
2024-04-13T21:36:53.549Z  INFO 143770 --- [keycloak-spring-boot-3] [           main] com.zaxxer.hikari.HikariDataSource       : HikariPool-1 - Starting...
2024-04-13T21:36:53.871Z  INFO 143770 --- [keycloak-spring-boot-3] [           main] com.zaxxer.hikari.pool.HikariPool        : HikariPool-1 - Added connection org.postgresql.jdbc.PgConnection@3a54638b
2024-04-13T21:36:53.875Z  INFO 143770 --- [keycloak-spring-boot-3] [           main] com.zaxxer.hikari.HikariDataSource       : HikariPool-1 - Start completed.
2024-04-13T21:36:53.918Z  WARN 143770 --- [keycloak-spring-boot-3] [           main] org.hibernate.orm.deprecation            : HHH90000025: PostgreSQLDialect does not need to be specified explicitly using 'hibernate.dialect' (remove the property setting and it will be selected by default)
2024-04-13T21:36:55.260Z  INFO 143770 --- [keycloak-spring-boot-3] [           main] o.h.e.t.j.p.i.JtaPlatformInitiator       : HHH000489: No JTA platform available (set 'hibernate.transaction.jta.platform' to enable JTA platform integration)
Hibernate: drop table if exists school cascade
Hibernate: drop sequence if exists school_seq
Hibernate: create sequence school_seq start with 1 increment by 50
Hibernate: create table school (id bigint not null, email varchar(255), name varchar(255), primary key (id))
2024-04-13T21:36:55.301Z  INFO 143770 --- [keycloak-spring-boot-3] [           main] j.LocalContainerEntityManagerFactoryBean : Initialized JPA EntityManagerFactory for persistence unit 'default'
2024-04-13T21:36:55.785Z  WARN 143770 --- [keycloak-spring-boot-3] [           main] JpaBaseConfiguration$JpaWebConfiguration : spring.jpa.open-in-view is enabled by default. Therefore, database queries may be performed during view rendering. Explicitly configure spring.jpa.open-in-view to disable this warning
2024-04-13T21:36:56.637Z  INFO 143770 --- [keycloak-spring-boot-3] [           main] o.s.s.web.DefaultSecurityFilterChain     : Will secure any request with [org.springframework.security.web.session.DisableEncodeUrlFilter@3c3357c7, org.springframework.security.web.context.request.async.WebAsyncManagerIntegrationFilter@506d7fed, org.springframework.security.web.context.SecurityContextHolderFilter@4a84beb7, org.springframework.security.web.header.HeaderWriterFilter@15e881c0, org.springframework.web.filter.CorsFilter@1bdb6b36, org.springframework.security.web.authentication.logout.LogoutFilter@38276668, org.springframework.security.oauth2.server.resource.web.authentication.BearerTokenAuthenticationFilter@4d20cbb5, org.springframework.security.web.savedrequest.RequestCacheAwareFilter@46c093b4, org.springframework.security.web.servletapi.SecurityContextHolderAwareRequestFilter@4ff00844, org.springframework.security.web.authentication.AnonymousAuthenticationFilter@381d7c4c, org.springframework.security.web.session.SessionManagementFilter@449f9628, org.springframework.security.web.access.ExceptionTranslationFilter@3652dd19, org.springframework.security.web.access.intercept.AuthorizationFilter@c3e5e3c]
2024-04-13T21:36:57.755Z  INFO 143770 --- [keycloak-spring-boot-3] [           main] .g.k.KeycloakSpringBoot3ApplicationTests : Started KeycloakSpringBoot3ApplicationTests in 7.258 seconds (process running for 8.228)
Hibernate: select nextval('school_seq')
Hibernate: insert into school (email,name,id) values (?,?,?)
Hibernate: select nextval('school_seq')
Hibernate: insert into school (email,name,id) values (?,?,?)
Hibernate: insert into school (email,name,id) values (?,?,?)
Hibernate: insert into school (email,name,id) values (?,?,?)
Hibernate: insert into school (email,name,id) values (?,?,?)
]]></system-out>
  </testcase>
</testsuite>